[0.211s] Invoking command in '/home/motoki/ros2_ws/build/person_msgs': /usr/bin/cmake /home/motoki/ros2_ws/src/person_msgs -DCMAKE_INSTALL_PREFIX=/home/motoki/ros2_ws/install/person_msgs
[0.417s] -- The C compiler identification is GNU 11.4.0
[0.931s] -- The CXX compiler identification is GNU 11.4.0
[1.255s] -- Detecting C compiler ABI info
[1.375s] -- Detecting C compiler ABI info - done
[1.380s] -- Check for working C compiler: /usr/bin/cc - skipped
[1.392s] -- Detecting C compile features
[1.393s] -- Detecting C compile features - done
[1.396s] -- Detecting CXX compiler ABI info
[1.525s] -- Detecting CXX compiler ABI info - done
[1.530s] -- Check for working CXX compiler: /usr/bin/c++ - skipped
[1.530s] -- Detecting CXX compile features
[1.530s] -- Detecting CXX compile features - done
[1.553s] -- Found ament_cmake: 1.3.5 (/opt/ros/humble/share/ament_cmake/cmake)
[1.664s] -- Found Python3: /usr/bin/python3.10 (found version "3.10.12") found components: Interpreter 
[1.757s] -- Found rosidl_default_generators: 1.2.0 (/opt/ros/humble/share/rosidl_default_generators/cmake)
[1.761s] -- Using all available rosidl_typesupport_c: rosidl_typesupport_fastrtps_c;rosidl_typesupport_introspection_c
[1.767s] -- Found rosidl_adapter: 3.1.5 (/opt/ros/humble/share/rosidl_adapter/cmake)
[1.934s] -- Using all available rosidl_typesupport_cpp: rosidl_typesupport_fastrtps_cpp;rosidl_typesupport_introspection_cpp
[2.085s] [31mCMake Error at /opt/ros/humble/share/rosidl_adapter/cmake/rosidl_adapt_interfaces.cmake:59 (message):
[2.085s]   execute_process(/usr/bin/python3.10 -m rosidl_adapter --package-name
[2.085s]   person_msgs --arguments-file
[2.085s]   /home/motoki/ros2_ws/build/person_msgs/rosidl_adapter__arguments__person_msgs.json
[2.085s]   --output-dir
[2.085s]   /home/motoki/ros2_ws/build/person_msgs/rosidl_adapter/person_msgs
[2.085s]   --output-file
[2.085s]   /home/motoki/ros2_ws/build/person_msgs/rosidl_adapter/person_msgs.idls)
[2.085s]   returned error code 1:
[2.085s] 
[2.085s]   Error processing 'unit8 age' of 'person_msgs/Person': ''unit8' is an
[2.085s]   invalid message name.  It should have the pattern '^[A-Z][A-Za-z0-9]*$''
[2.085s] 
[2.085s]   Traceback (most recent call last):
[2.085s] 
[2.085s]     File "/usr/lib/python3.10/runpy.py", line 196, in _run_module_as_main
[2.085s]       return _run_code(code, main_globals, None,
[2.085s]     File "/usr/lib/python3.10/runpy.py", line 86, in _run_code
[2.085s]       exec(code, run_globals)
[2.085s]     File "/opt/ros/humble/local/lib/python3.10/dist-packages/rosidl_adapter/__main__.py", line 19, in <module>
[2.085s]       sys.exit(main())
[2.085s]     File "/opt/ros/humble/local/lib/python3.10/dist-packages/rosidl_adapter/main.py", line 53, in main
[2.085s]       abs_idl_file = convert_to_idl(
[2.085s]     File "/opt/ros/humble/local/lib/python3.10/dist-packages/rosidl_adapter/__init__.py", line 19, in convert_to_idl
[2.086s]       return convert_msg_to_idl(
[2.086s]     File "/opt/ros/humble/local/lib/python3.10/dist-packages/rosidl_adapter/msg/__init__.py", line 28, in convert_msg_to_idl
[2.086s]       msg = parse_message_string(package_name, input_file.stem, content)
[2.086s]     File "/opt/ros/humble/local/lib/python3.10/dist-packages/rosidl_adapter/parser.py", line 520, in parse_message_string
[2.086s]       Type(type_string, context_package_name=pkg_name),
[2.086s]     File "/opt/ros/humble/local/lib/python3.10/dist-packages/rosidl_adapter/parser.py", line 277, in __init__
[2.086s]       super(Type, self).__init__(
[2.086s]     File "/opt/ros/humble/local/lib/python3.10/dist-packages/rosidl_adapter/parser.py", line 205, in __init__
[2.086s]       raise InvalidResourceName(
[2.086s] 
[2.086s]   rosidl_adapter.parser.InvalidResourceName: 'unit8' is an invalid message
[2.086s]   name.  It should have the pattern '^[A-Z][A-Za-z0-9]*$'
[2.086s] 
[2.086s] Call Stack (most recent call first):
[2.086s]   /opt/ros/humble/share/rosidl_cmake/cmake/rosidl_generate_interfaces.cmake:130 (rosidl_adapt_interfaces)
[2.086s]   CMakeLists.txt:11 (rosidl_generate_interfaces)
[2.086s] 
[2.086s] [0m
[2.086s] -- Configuring incomplete, errors occurred!
[2.086s] See also "/home/motoki/ros2_ws/build/person_msgs/CMakeFiles/CMakeOutput.log".
[2.091s] Invoked command in '/home/motoki/ros2_ws/build/person_msgs' returned '1': /usr/bin/cmake /home/motoki/ros2_ws/src/person_msgs -DCMAKE_INSTALL_PREFIX=/home/motoki/ros2_ws/install/person_msgs
