[0.472s] Invoking command in '/home/motoki/ros2_ws/src/mypkg': PYTHONPATH=/home/motoki/ros2_ws/build/mypkg/prefix_override:/home/motoki/ros2_ws/install/mypkg/lib/python3.10/site-packages:${PYTHONPATH} /usr/bin/python3 setup.py egg_info --egg-base ../../build/mypkg build --build-base /home/motoki/ros2_ws/build/mypkg/build install --record /home/motoki/ros2_ws/build/mypkg/install.log --single-version-externally-managed
[0.604s] running egg_info
[0.605s] writing ../../build/mypkg/mypkg.egg-info/PKG-INFO
[0.605s] writing dependency_links to ../../build/mypkg/mypkg.egg-info/dependency_links.txt
[0.605s] writing entry points to ../../build/mypkg/mypkg.egg-info/entry_points.txt
[0.605s] writing requirements to ../../build/mypkg/mypkg.egg-info/requires.txt
[0.605s] writing top-level names to ../../build/mypkg/mypkg.egg-info/top_level.txt
[0.606s] reading manifest file '../../build/mypkg/mypkg.egg-info/SOURCES.txt'
[0.607s] writing manifest file '../../build/mypkg/mypkg.egg-info/SOURCES.txt'
[0.607s] running build
[0.607s] running build_py
[0.607s] running install
[0.608s] /usr/lib/python3/dist-packages/setuptools/command/install.py:34: SetuptoolsDeprecationWarning: setup.py install is deprecated. Use build and pip and other standards-based tools.
[0.608s]   warnings.warn(
[0.608s] running install_lib
[0.609s] running install_data
[0.609s] running install_egg_info
[0.610s] removing '/home/motoki/ros2_ws/install/mypkg/lib/python3.10/site-packages/mypkg-0.0.0-py3.10.egg-info' (and everything under it)
[0.610s] Copying ../../build/mypkg/mypkg.egg-info to /home/motoki/ros2_ws/install/mypkg/lib/python3.10/site-packages/mypkg-0.0.0-py3.10.egg-info
[0.611s] running install_scripts
[0.625s] Installing listener script to /home/motoki/ros2_ws/install/mypkg/lib/mypkg
[0.625s] Installing talker script to /home/motoki/ros2_ws/install/mypkg/lib/mypkg
[0.625s] writing list of installed files to '/home/motoki/ros2_ws/build/mypkg/install.log'
[0.669s] Invoked command in '/home/motoki/ros2_ws/src/mypkg' returned '0': PYTHONPATH=/home/motoki/ros2_ws/build/mypkg/prefix_override:/home/motoki/ros2_ws/install/mypkg/lib/python3.10/site-packages:${PYTHONPATH} /usr/bin/python3 setup.py egg_info --egg-base ../../build/mypkg build --build-base /home/motoki/ros2_ws/build/mypkg/build install --record /home/motoki/ros2_ws/build/mypkg/install.log --single-version-externally-managed
