[0.200s] Invoking command in '/home/motoki/ros2_ws/build/person_msgs': CMAKE_PREFIX_PATH=/home/motoki/ros2_ws/install/mypkg:/opt/ros/humble /usr/bin/cmake /home/motoki/ros2_ws/src/person_msgs -DCMAKE_INSTALL_PREFIX=/home/motoki/ros2_ws/install/person_msgs
[0.207s] -- Found ament_cmake: 1.3.5 (/opt/ros/humble/share/ament_cmake/cmake)
[0.296s] -- Found rosidl_default_generators: 1.2.0 (/opt/ros/humble/share/rosidl_default_generators/cmake)
[0.296s] -- Using all available rosidl_typesupport_c: rosidl_typesupport_fastrtps_c;rosidl_typesupport_introspection_c
[0.298s] -- Found rosidl_adapter: 3.1.5 (/opt/ros/humble/share/rosidl_adapter/cmake)
[0.422s] -- Using all available rosidl_typesupport_cpp: rosidl_typesupport_fastrtps_cpp;rosidl_typesupport_introspection_cpp
[0.548s] [31mCMake Error at /opt/ros/humble/share/rosidl_adapter/cmake/rosidl_adapt_interfaces.cmake:59 (message):
[0.548s]   execute_process(/usr/bin/python3.10 -m rosidl_adapter --package-name
[0.548s]   person_msgs --arguments-file
[0.548s]   /home/motoki/ros2_ws/build/person_msgs/rosidl_adapter__arguments__person_msgs.json
[0.548s]   --output-dir
[0.548s]   /home/motoki/ros2_ws/build/person_msgs/rosidl_adapter/person_msgs
[0.548s]   --output-file
[0.548s]   /home/motoki/ros2_ws/build/person_msgs/rosidl_adapter/person_msgs.idls)
[0.548s]   returned error code 1:
[0.548s] 
[0.548s]   Error processing 'unit8 age' of 'person_msgs/Person': ''unit8' is an
[0.548s]   invalid message name.  It should have the pattern '^[A-Z][A-Za-z0-9]*$''
[0.548s] 
[0.549s]   Traceback (most recent call last):
[0.549s] 
[0.549s]     File "/usr/lib/python3.10/runpy.py", line 196, in _run_module_as_main
[0.549s]       return _run_code(code, main_globals, None,
[0.549s]     File "/usr/lib/python3.10/runpy.py", line 86, in _run_code
[0.549s]       exec(code, run_globals)
[0.549s]     File "/opt/ros/humble/local/lib/python3.10/dist-packages/rosidl_adapter/__main__.py", line 19, in <module>
[0.549s]       sys.exit(main())
[0.549s]     File "/opt/ros/humble/local/lib/python3.10/dist-packages/rosidl_adapter/main.py", line 53, in main
[0.549s]       abs_idl_file = convert_to_idl(
[0.549s]     File "/opt/ros/humble/local/lib/python3.10/dist-packages/rosidl_adapter/__init__.py", line 19, in convert_to_idl
[0.549s]       return convert_msg_to_idl(
[0.549s]     File "/opt/ros/humble/local/lib/python3.10/dist-packages/rosidl_adapter/msg/__init__.py", line 28, in convert_msg_to_idl
[0.549s]       msg = parse_message_string(package_name, input_file.stem, content)
[0.549s]     File "/opt/ros/humble/local/lib/python3.10/dist-packages/rosidl_adapter/parser.py", line 520, in parse_message_string
[0.549s]       Type(type_string, context_package_name=pkg_name),
[0.549s]     File "/opt/ros/humble/local/lib/python3.10/dist-packages/rosidl_adapter/parser.py", line 277, in __init__
[0.549s]       super(Type, self).__init__(
[0.549s]     File "/opt/ros/humble/local/lib/python3.10/dist-packages/rosidl_adapter/parser.py", line 205, in __init__
[0.549s]       raise InvalidResourceName(
[0.549s] 
[0.549s]   rosidl_adapter.parser.InvalidResourceName: 'unit8' is an invalid message
[0.549s]   name.  It should have the pattern '^[A-Z][A-Za-z0-9]*$'
[0.549s] 
[0.549s] Call Stack (most recent call first):
[0.549s]   /opt/ros/humble/share/rosidl_cmake/cmake/rosidl_generate_interfaces.cmake:130 (rosidl_adapt_interfaces)
[0.549s]   CMakeLists.txt:11 (rosidl_generate_interfaces)
[0.549s] 
[0.549s] [0m
[0.549s] -- Configuring incomplete, errors occurred!
[0.549s] See also "/home/motoki/ros2_ws/build/person_msgs/CMakeFiles/CMakeOutput.log".
[0.553s] Invoked command in '/home/motoki/ros2_ws/build/person_msgs' returned '1': CMAKE_PREFIX_PATH=/home/motoki/ros2_ws/install/mypkg:/opt/ros/humble /usr/bin/cmake /home/motoki/ros2_ws/src/person_msgs -DCMAKE_INSTALL_PREFIX=/home/motoki/ros2_ws/install/person_msgs
