[0.203s] Invoking command in '/home/motoki/ros2_ws/build/person_msgs': CMAKE_PREFIX_PATH=/home/motoki/ros2_ws/install/mypkg:/opt/ros/humble /usr/bin/cmake /home/motoki/ros2_ws/src/person_msgs -DCMAKE_INSTALL_PREFIX=/home/motoki/ros2_ws/install/person_msgs
[0.210s] -- Found ament_cmake: 1.3.5 (/opt/ros/humble/share/ament_cmake/cmake)
[0.308s] -- Found rosidl_default_generators: 1.2.0 (/opt/ros/humble/share/rosidl_default_generators/cmake)
[0.309s] -- Using all available rosidl_typesupport_c: rosidl_typesupport_fastrtps_c;rosidl_typesupport_introspection_c
[0.311s] -- Found rosidl_adapter: 3.1.5 (/opt/ros/humble/share/rosidl_adapter/cmake)
[0.447s] -- Using all available rosidl_typesupport_cpp: rosidl_typesupport_fastrtps_cpp;rosidl_typesupport_introspection_cpp
[0.629s] -- Found ament_cmake_ros: 0.10.0 (/opt/ros/humble/share/ament_cmake_ros/cmake)
[0.755s] -- Using all available rosidl_typesupport_c: rosidl_typesupport_fastrtps_c;rosidl_typesupport_introspection_c
[0.906s] -- Using all available rosidl_typesupport_cpp: rosidl_typesupport_fastrtps_cpp;rosidl_typesupport_introspection_cpp
[1.024s] -- Found PythonInterp: /usr/bin/python3 (found suitable version "3.10.12", minimum required is "3.6") 
[1.037s] -- Found python_cmake_module: 0.10.0 (/opt/ros/humble/share/python_cmake_module/cmake)
[1.421s] -- Found PythonLibs: /usr/lib/x86_64-linux-gnu/libpython3.10.so (found suitable version "3.10.12", minimum required is "3.5") 
[1.422s] -- Using PYTHON_EXECUTABLE: /usr/bin/python3
[1.422s] -- Using PYTHON_INCLUDE_DIRS: /usr/include/python3.10
[1.422s] -- Using PYTHON_LIBRARIES: /usr/lib/x86_64-linux-gnu/libpython3.10.so
[1.435s] -- Found PythonExtra: .so  
[1.511s] -- Found ament_lint_auto: 0.12.8 (/opt/ros/humble/share/ament_lint_auto/cmake)
[1.533s] -- Added test 'lint_cmake' to check CMake code style
[1.535s] -- Added test 'xmllint' to check XML markup files
[1.537s] -- Configuring done
[1.557s] -- Generating done
[1.558s] -- Build files have been written to: /home/motoki/ros2_ws/build/person_msgs
[1.566s] Invoked command in '/home/motoki/ros2_ws/build/person_msgs' returned '0': CMAKE_PREFIX_PATH=/home/motoki/ros2_ws/install/mypkg:/opt/ros/humble /usr/bin/cmake /home/motoki/ros2_ws/src/person_msgs -DCMAKE_INSTALL_PREFIX=/home/motoki/ros2_ws/install/person_msgs
[1.566s] Invoking command in '/home/motoki/ros2_ws/build/person_msgs': CMAKE_PREFIX_PATH=/home/motoki/ros2_ws/install/mypkg:/opt/ros/humble /usr/bin/cmake --build /home/motoki/ros2_ws/build/person_msgs -- -j12 -l12
[1.587s] [  3%] [34m[1mGenerating C code for ROS interfaces[0m
[1.592s] [  6%] [34m[1mGenerating C++ code for ROS interfaces[0m
[1.597s] [  6%] Built target ament_cmake_python_copy_person_msgs
[1.759s] running egg_info
[1.759s] creating person_msgs.egg-info
[1.760s] writing person_msgs.egg-info/PKG-INFO
[1.760s] writing dependency_links to person_msgs.egg-info/dependency_links.txt
[1.760s] writing top-level names to person_msgs.egg-info/top_level.txt
[1.760s] writing manifest file 'person_msgs.egg-info/SOURCES.txt'
[1.763s] reading manifest file 'person_msgs.egg-info/SOURCES.txt'
[1.763s] writing manifest file 'person_msgs.egg-info/SOURCES.txt'
[1.789s] [  9%] [32mBuilding C object CMakeFiles/person_msgs__rosidl_generator_c.dir/rosidl_generator_c/person_msgs/msg/detail/person__functions.c.o[0m
[1.790s] [  9%] Built target ament_cmake_python_build_person_msgs_egg
[1.791s] [  9%] Built target person_msgs__cpp
[1.797s] [ 19%] [34m[1mGenerating C++ type support for eProsima Fast-RTPS[0m
[1.797s] [ 19%] [34m[1mGenerating C++ type support dispatch for ROS interfaces[0m
[1.797s] [ 19%] [34m[1mGenerating C++ introspection for ROS interfaces[0m
[1.858s] [ 22%] [32m[1mLinking C shared library libperson_msgs__rosidl_generator_c.so[0m
[1.974s] [ 22%] Built target person_msgs__rosidl_generator_c
[1.982s] [ 29%] [34m[1mGenerating C introspection for ROS interfaces[0m
[1.982s] [ 29%] [34m[1mGenerating C type support for eProsima Fast-RTPS[0m
[1.982s] [ 32%] [34m[1mGenerating C type support dispatch for ROS interfaces[0m
[1.994s] [ 35%] [32mBuilding CXX object CMakeFiles/person_msgs__rosidl_typesupport_cpp.dir/rosidl_typesupport_cpp/person_msgs/msg/person__type_support.cpp.o[0m
[2.009s] [ 38%] [32mBuilding CXX object CMakeFiles/person_msgs__rosidl_typesupport_introspection_cpp.dir/rosidl_typesupport_introspection_cpp/person_msgs/msg/detail/person__type_support.cpp.o[0m
[2.023s] [ 41%] [32mBuilding CXX object CMakeFiles/person_msgs__rosidl_typesupport_fastrtps_cpp.dir/rosidl_typesupport_fastrtps_cpp/person_msgs/msg/detail/dds_fastrtps/person__type_support.cpp.o[0m
[2.220s] [ 45%] [32mBuilding CXX object CMakeFiles/person_msgs__rosidl_typesupport_c.dir/rosidl_typesupport_c/person_msgs/msg/person__type_support.cpp.o[0m
[2.246s] [ 48%] [32m[1mLinking CXX shared library libperson_msgs__rosidl_typesupport_c.so[0m
[2.263s] [ 51%] [32mBuilding CXX object CMakeFiles/person_msgs__rosidl_typesupport_fastrtps_c.dir/rosidl_typesupport_fastrtps_c/person_msgs/msg/detail/person__type_support_c.cpp.o[0m
[2.271s] [ 54%] [32mBuilding C object CMakeFiles/person_msgs__rosidl_typesupport_introspection_c.dir/rosidl_typesupport_introspection_c/person_msgs/msg/detail/person__type_support.c.o[0m
[2.299s] [ 58%] [32m[1mLinking C shared library libperson_msgs__rosidl_typesupport_introspection_c.so[0m
[2.312s] [ 61%] [32m[1mLinking CXX shared library libperson_msgs__rosidl_typesupport_cpp.so[0m
[2.389s] [ 61%] Built target person_msgs__rosidl_typesupport_c
[2.416s] [ 64%] [32m[1mLinking CXX shared library libperson_msgs__rosidl_typesupport_introspection_cpp.so[0m
[2.432s] [ 64%] Built target person_msgs__rosidl_typesupport_introspection_c
[2.458s] [ 67%] [32m[1mLinking CXX shared library libperson_msgs__rosidl_typesupport_fastrtps_cpp.so[0m
[2.465s] [ 67%] Built target person_msgs__rosidl_typesupport_cpp
[2.562s] [ 67%] Built target person_msgs__rosidl_typesupport_introspection_cpp
[2.588s] [ 70%] [32m[1mLinking CXX shared library libperson_msgs__rosidl_typesupport_fastrtps_c.so[0m
[2.599s] [ 70%] Built target person_msgs__rosidl_typesupport_fastrtps_cpp
[2.706s] [ 70%] Built target person_msgs__rosidl_typesupport_fastrtps_c
[2.717s] [ 70%] Built target person_msgs
[2.729s] [ 74%] [34m[1mGenerating Python code for ROS interfaces[0m
[2.928s] [ 74%] Built target person_msgs__py
[2.939s] [ 77%] [32mBuilding C object CMakeFiles/person_msgs__rosidl_generator_py.dir/rosidl_generator_py/person_msgs/msg/_person_s.c.o[0m
[3.040s] [ 80%] [32m[1mLinking C shared library rosidl_generator_py/person_msgs/libperson_msgs__rosidl_generator_py.so[0m
[3.131s] [ 80%] Built target person_msgs__rosidl_generator_py
[3.143s] [ 90%] [32mBuilding C object CMakeFiles/person_msgs__rosidl_typesupport_c__pyext.dir/rosidl_generator_py/person_msgs/_person_msgs_s.ep.rosidl_typesupport_c.c.o[0m
[3.143s] [ 90%] [32mBuilding C object CMakeFiles/person_msgs__rosidl_typesupport_fastrtps_c__pyext.dir/rosidl_generator_py/person_msgs/_person_msgs_s.ep.rosidl_typesupport_fastrtps_c.c.o[0m
[3.143s] [ 90%] [32mBuilding C object CMakeFiles/person_msgs__rosidl_typesupport_introspection_c__pyext.dir/rosidl_generator_py/person_msgs/_person_msgs_s.ep.rosidl_typesupport_introspection_c.c.o[0m
[3.205s] [100%] [32m[1mLinking C shared library rosidl_generator_py/person_msgs/person_msgs_s__rosidl_typesupport_fastrtps_c.cpython-310-x86_64-linux-gnu.so[0m
[3.205s] [100%] [32m[1mLinking C shared library rosidl_generator_py/person_msgs/person_msgs_s__rosidl_typesupport_c.cpython-310-x86_64-linux-gnu.so[0m
[3.205s] [100%] [32m[1mLinking C shared library rosidl_generator_py/person_msgs/person_msgs_s__rosidl_typesupport_introspection_c.cpython-310-x86_64-linux-gnu.so[0m
[3.274s] [100%] Built target person_msgs__rosidl_typesupport_introspection_c__pyext
[3.275s] [100%] Built target person_msgs__rosidl_typesupport_c__pyext
[3.275s] [100%] Built target person_msgs__rosidl_typesupport_fastrtps_c__pyext
[3.282s] Invoked command in '/home/motoki/ros2_ws/build/person_msgs' returned '0': CMAKE_PREFIX_PATH=/home/motoki/ros2_ws/install/mypkg:/opt/ros/humble /usr/bin/cmake --build /home/motoki/ros2_ws/build/person_msgs -- -j12 -l12
[3.320s] Invoking command in '/home/motoki/ros2_ws/build/person_msgs': CMAKE_PREFIX_PATH=/home/motoki/ros2_ws/install/mypkg:/opt/ros/humble /usr/bin/cmake --install /home/motoki/ros2_ws/build/person_msgs
[3.325s] -- Install configuration: ""
[3.325s] -- Installing: /home/motoki/ros2_ws/install/person_msgs/share/ament_index/resource_index/rosidl_interfaces/person_msgs
[3.325s] -- Installing: /home/motoki/ros2_ws/install/person_msgs/include/person_msgs/person_msgs
[3.325s] -- Installing: /home/motoki/ros2_ws/install/person_msgs/include/person_msgs/person_msgs/msg
[3.326s] -- Installing: /home/motoki/ros2_ws/install/person_msgs/include/person_msgs/person_msgs/msg/detail
[3.326s] -- Installing: /home/motoki/ros2_ws/install/person_msgs/include/person_msgs/person_msgs/msg/detail/person__functions.c
[3.326s] -- Installing: /home/motoki/ros2_ws/install/person_msgs/include/person_msgs/person_msgs/msg/detail/person__struct.h
[3.326s] -- Installing: /home/motoki/ros2_ws/install/person_msgs/include/person_msgs/person_msgs/msg/detail/person__functions.h
[3.326s] -- Installing: /home/motoki/ros2_ws/install/person_msgs/include/person_msgs/person_msgs/msg/detail/person__type_support.h
[3.326s] -- Installing: /home/motoki/ros2_ws/install/person_msgs/include/person_msgs/person_msgs/msg/rosidl_generator_c__visibility_control.h
[3.326s] -- Installing: /home/motoki/ros2_ws/install/person_msgs/include/person_msgs/person_msgs/msg/person.h
[3.326s] -- Installing: /home/motoki/ros2_ws/install/person_msgs/share/person_msgs/environment/library_path.sh
[3.326s] -- Installing: /home/motoki/ros2_ws/install/person_msgs/share/person_msgs/environment/library_path.dsv
[3.326s] -- Installing: /home/motoki/ros2_ws/install/person_msgs/lib/libperson_msgs__rosidl_generator_c.so
[3.327s] -- Set runtime path of "/home/motoki/ros2_ws/install/person_msgs/lib/libperson_msgs__rosidl_generator_c.so" to ""
[3.327s] -- Up-to-date: /home/motoki/ros2_ws/install/person_msgs/include/person_msgs/person_msgs
[3.327s] -- Up-to-date: /home/motoki/ros2_ws/install/person_msgs/include/person_msgs/person_msgs/msg
[3.327s] -- Up-to-date: /home/motoki/ros2_ws/install/person_msgs/include/person_msgs/person_msgs/msg/detail
[3.327s] -- Installing: /home/motoki/ros2_ws/install/person_msgs/include/person_msgs/person_msgs/msg/detail/person__rosidl_typesupport_fastrtps_c.h
[3.327s] -- Installing: /home/motoki/ros2_ws/install/person_msgs/include/person_msgs/person_msgs/msg/rosidl_typesupport_fastrtps_c__visibility_control.h
[3.327s] -- Installing: /home/motoki/ros2_ws/install/person_msgs/lib/libperson_msgs__rosidl_typesupport_fastrtps_c.so
[3.327s] -- Set runtime path of "/home/motoki/ros2_ws/install/person_msgs/lib/libperson_msgs__rosidl_typesupport_fastrtps_c.so" to ""
[3.328s] -- Up-to-date: /home/motoki/ros2_ws/install/person_msgs/include/person_msgs/person_msgs
[3.328s] -- Up-to-date: /home/motoki/ros2_ws/install/person_msgs/include/person_msgs/person_msgs/msg
[3.328s] -- Up-to-date: /home/motoki/ros2_ws/install/person_msgs/include/person_msgs/person_msgs/msg/detail
[3.328s] -- Installing: /home/motoki/ros2_ws/install/person_msgs/include/person_msgs/person_msgs/msg/detail/person__rosidl_typesupport_introspection_c.h
[3.328s] -- Installing: /home/motoki/ros2_ws/install/person_msgs/include/person_msgs/person_msgs/msg/detail/person__type_support.c
[3.328s] -- Installing: /home/motoki/ros2_ws/install/person_msgs/include/person_msgs/person_msgs/msg/rosidl_typesupport_introspection_c__visibility_control.h
[3.328s] -- Installing: /home/motoki/ros2_ws/install/person_msgs/lib/libperson_msgs__rosidl_typesupport_introspection_c.so
[3.328s] -- Set runtime path of "/home/motoki/ros2_ws/install/person_msgs/lib/libperson_msgs__rosidl_typesupport_introspection_c.so" to ""
[3.329s] -- Installing: /home/motoki/ros2_ws/install/person_msgs/lib/libperson_msgs__rosidl_typesupport_c.so
[3.329s] -- Set runtime path of "/home/motoki/ros2_ws/install/person_msgs/lib/libperson_msgs__rosidl_typesupport_c.so" to ""
[3.329s] -- Up-to-date: /home/motoki/ros2_ws/install/person_msgs/include/person_msgs/person_msgs
[3.329s] -- Up-to-date: /home/motoki/ros2_ws/install/person_msgs/include/person_msgs/person_msgs/msg
[3.329s] -- Up-to-date: /home/motoki/ros2_ws/install/person_msgs/include/person_msgs/person_msgs/msg/detail
[3.329s] -- Installing: /home/motoki/ros2_ws/install/person_msgs/include/person_msgs/person_msgs/msg/detail/person__builder.hpp
[3.329s] -- Installing: /home/motoki/ros2_ws/install/person_msgs/include/person_msgs/person_msgs/msg/detail/person__struct.hpp
[3.329s] -- Installing: /home/motoki/ros2_ws/install/person_msgs/include/person_msgs/person_msgs/msg/detail/person__traits.hpp
[3.329s] -- Installing: /home/motoki/ros2_ws/install/person_msgs/include/person_msgs/person_msgs/msg/person.hpp
[3.330s] -- Up-to-date: /home/motoki/ros2_ws/install/person_msgs/include/person_msgs/person_msgs
[3.330s] -- Up-to-date: /home/motoki/ros2_ws/install/person_msgs/include/person_msgs/person_msgs/msg
[3.330s] -- Up-to-date: /home/motoki/ros2_ws/install/person_msgs/include/person_msgs/person_msgs/msg/detail
[3.330s] -- Installing: /home/motoki/ros2_ws/install/person_msgs/include/person_msgs/person_msgs/msg/detail/dds_fastrtps
[3.330s] -- Installing: /home/motoki/ros2_ws/install/person_msgs/include/person_msgs/person_msgs/msg/detail/person__rosidl_typesupport_fastrtps_cpp.hpp
[3.330s] -- Installing: /home/motoki/ros2_ws/install/person_msgs/include/person_msgs/person_msgs/msg/rosidl_typesupport_fastrtps_cpp__visibility_control.h
[3.330s] -- Installing: /home/motoki/ros2_ws/install/person_msgs/lib/libperson_msgs__rosidl_typesupport_fastrtps_cpp.so
[3.330s] -- Set runtime path of "/home/motoki/ros2_ws/install/person_msgs/lib/libperson_msgs__rosidl_typesupport_fastrtps_cpp.so" to ""
[3.330s] -- Up-to-date: /home/motoki/ros2_ws/install/person_msgs/include/person_msgs/person_msgs
[3.330s] -- Up-to-date: /home/motoki/ros2_ws/install/person_msgs/include/person_msgs/person_msgs/msg
[3.331s] -- Up-to-date: /home/motoki/ros2_ws/install/person_msgs/include/person_msgs/person_msgs/msg/detail
[3.331s] -- Installing: /home/motoki/ros2_ws/install/person_msgs/include/person_msgs/person_msgs/msg/detail/person__rosidl_typesupport_introspection_cpp.hpp
[3.331s] -- Installing: /home/motoki/ros2_ws/install/person_msgs/include/person_msgs/person_msgs/msg/detail/person__type_support.cpp
[3.331s] -- Installing: /home/motoki/ros2_ws/install/person_msgs/lib/libperson_msgs__rosidl_typesupport_introspection_cpp.so
[3.331s] -- Set runtime path of "/home/motoki/ros2_ws/install/person_msgs/lib/libperson_msgs__rosidl_typesupport_introspection_cpp.so" to ""
[3.331s] -- Installing: /home/motoki/ros2_ws/install/person_msgs/lib/libperson_msgs__rosidl_typesupport_cpp.so
[3.331s] -- Set runtime path of "/home/motoki/ros2_ws/install/person_msgs/lib/libperson_msgs__rosidl_typesupport_cpp.so" to ""
[3.331s] -- Installing: /home/motoki/ros2_ws/install/person_msgs/share/person_msgs/environment/pythonpath.sh
[3.332s] -- Installing: /home/motoki/ros2_ws/install/person_msgs/share/person_msgs/environment/pythonpath.dsv
[3.332s] -- Installing: /home/motoki/ros2_ws/install/person_msgs/local/lib/python3.10/dist-packages/person_msgs-0.0.0-py3.10.egg-info
[3.332s] -- Installing: /home/motoki/ros2_ws/install/person_msgs/local/lib/python3.10/dist-packages/person_msgs-0.0.0-py3.10.egg-info/SOURCES.txt
[3.332s] -- Installing: /home/motoki/ros2_ws/install/person_msgs/local/lib/python3.10/dist-packages/person_msgs-0.0.0-py3.10.egg-info/PKG-INFO
[3.332s] -- Installing: /home/motoki/ros2_ws/install/person_msgs/local/lib/python3.10/dist-packages/person_msgs-0.0.0-py3.10.egg-info/dependency_links.txt
[3.332s] -- Installing: /home/motoki/ros2_ws/install/person_msgs/local/lib/python3.10/dist-packages/person_msgs-0.0.0-py3.10.egg-info/top_level.txt
[3.332s] -- Installing: /home/motoki/ros2_ws/install/person_msgs/local/lib/python3.10/dist-packages/person_msgs
[3.332s] -- Installing: /home/motoki/ros2_ws/install/person_msgs/local/lib/python3.10/dist-packages/person_msgs/_person_msgs_s.ep.rosidl_typesupport_fastrtps_c.c
[3.332s] -- Installing: /home/motoki/ros2_ws/install/person_msgs/local/lib/python3.10/dist-packages/person_msgs/_person_msgs_s.ep.rosidl_typesupport_c.c
[3.332s] -- Installing: /home/motoki/ros2_ws/install/person_msgs/local/lib/python3.10/dist-packages/person_msgs/person_msgs_s__rosidl_typesupport_c.cpython-310-x86_64-linux-gnu.so
[3.332s] -- Installing: /home/motoki/ros2_ws/install/person_msgs/local/lib/python3.10/dist-packages/person_msgs/msg
[3.332s] -- Installing: /home/motoki/ros2_ws/install/person_msgs/local/lib/python3.10/dist-packages/person_msgs/msg/_person.py
[3.332s] -- Installing: /home/motoki/ros2_ws/install/person_msgs/local/lib/python3.10/dist-packages/person_msgs/msg/_person_s.c
[3.332s] -- Installing: /home/motoki/ros2_ws/install/person_msgs/local/lib/python3.10/dist-packages/person_msgs/msg/__init__.py
[3.332s] -- Installing: /home/motoki/ros2_ws/install/person_msgs/local/lib/python3.10/dist-packages/person_msgs/__init__.py
[3.332s] -- Installing: /home/motoki/ros2_ws/install/person_msgs/local/lib/python3.10/dist-packages/person_msgs/person_msgs_s__rosidl_typesupport_introspection_c.cpython-310-x86_64-linux-gnu.so
[3.332s] -- Installing: /home/motoki/ros2_ws/install/person_msgs/local/lib/python3.10/dist-packages/person_msgs/person_msgs_s__rosidl_typesupport_fastrtps_c.cpython-310-x86_64-linux-gnu.so
[3.332s] -- Installing: /home/motoki/ros2_ws/install/person_msgs/local/lib/python3.10/dist-packages/person_msgs/_person_msgs_s.ep.rosidl_typesupport_introspection_c.c
[3.332s] -- Installing: /home/motoki/ros2_ws/install/person_msgs/local/lib/python3.10/dist-packages/person_msgs/libperson_msgs__rosidl_generator_py.so
[3.354s] Listing '/home/motoki/ros2_ws/install/person_msgs/local/lib/python3.10/dist-packages/person_msgs'...
[3.354s] Compiling '/home/motoki/ros2_ws/install/person_msgs/local/lib/python3.10/dist-packages/person_msgs/__init__.py'...
[3.354s] Listing '/home/motoki/ros2_ws/install/person_msgs/local/lib/python3.10/dist-packages/person_msgs/msg'...
[3.354s] Compiling '/home/motoki/ros2_ws/install/person_msgs/local/lib/python3.10/dist-packages/person_msgs/msg/__init__.py'...
[3.354s] Compiling '/home/motoki/ros2_ws/install/person_msgs/local/lib/python3.10/dist-packages/person_msgs/msg/_person.py'...
[3.357s] -- Installing: /home/motoki/ros2_ws/install/person_msgs/local/lib/python3.10/dist-packages/person_msgs/person_msgs_s__rosidl_typesupport_fastrtps_c.cpython-310-x86_64-linux-gnu.so
[3.357s] -- Set runtime path of "/home/motoki/ros2_ws/install/person_msgs/local/lib/python3.10/dist-packages/person_msgs/person_msgs_s__rosidl_typesupport_fastrtps_c.cpython-310-x86_64-linux-gnu.so" to ""
[3.357s] -- Installing: /home/motoki/ros2_ws/install/person_msgs/local/lib/python3.10/dist-packages/person_msgs/person_msgs_s__rosidl_typesupport_introspection_c.cpython-310-x86_64-linux-gnu.so
[3.357s] -- Set runtime path of "/home/motoki/ros2_ws/install/person_msgs/local/lib/python3.10/dist-packages/person_msgs/person_msgs_s__rosidl_typesupport_introspection_c.cpython-310-x86_64-linux-gnu.so" to ""
[3.357s] -- Installing: /home/motoki/ros2_ws/install/person_msgs/local/lib/python3.10/dist-packages/person_msgs/person_msgs_s__rosidl_typesupport_c.cpython-310-x86_64-linux-gnu.so
[3.357s] -- Set runtime path of "/home/motoki/ros2_ws/install/person_msgs/local/lib/python3.10/dist-packages/person_msgs/person_msgs_s__rosidl_typesupport_c.cpython-310-x86_64-linux-gnu.so" to ""
[3.357s] -- Installing: /home/motoki/ros2_ws/install/person_msgs/lib/libperson_msgs__rosidl_generator_py.so
[3.358s] -- Set runtime path of "/home/motoki/ros2_ws/install/person_msgs/lib/libperson_msgs__rosidl_generator_py.so" to ""
[3.358s] -- Installing: /home/motoki/ros2_ws/install/person_msgs/share/person_msgs/msg/Person.idl
[3.358s] -- Installing: /home/motoki/ros2_ws/install/person_msgs/share/person_msgs/msg/Person.msg
[3.358s] -- Installing: /home/motoki/ros2_ws/install/person_msgs/share/ament_index/resource_index/package_run_dependencies/person_msgs
[3.358s] -- Installing: /home/motoki/ros2_ws/install/person_msgs/share/ament_index/resource_index/parent_prefix_path/person_msgs
[3.358s] -- Installing: /home/motoki/ros2_ws/install/person_msgs/share/person_msgs/environment/ament_prefix_path.sh
[3.359s] -- Installing: /home/motoki/ros2_ws/install/person_msgs/share/person_msgs/environment/ament_prefix_path.dsv
[3.359s] -- Installing: /home/motoki/ros2_ws/install/person_msgs/share/person_msgs/environment/path.sh
[3.359s] -- Installing: /home/motoki/ros2_ws/install/person_msgs/share/person_msgs/environment/path.dsv
[3.359s] -- Installing: /home/motoki/ros2_ws/install/person_msgs/share/person_msgs/local_setup.bash
[3.359s] -- Installing: /home/motoki/ros2_ws/install/person_msgs/share/person_msgs/local_setup.sh
[3.359s] -- Installing: /home/motoki/ros2_ws/install/person_msgs/share/person_msgs/local_setup.zsh
[3.359s] -- Installing: /home/motoki/ros2_ws/install/person_msgs/share/person_msgs/local_setup.dsv
[3.359s] -- Installing: /home/motoki/ros2_ws/install/person_msgs/share/person_msgs/package.dsv
[3.359s] -- Installing: /home/motoki/ros2_ws/install/person_msgs/share/ament_index/resource_index/packages/person_msgs
[3.360s] -- Installing: /home/motoki/ros2_ws/install/person_msgs/share/person_msgs/cmake/export_person_msgs__rosidl_generator_cExport.cmake
[3.360s] -- Installing: /home/motoki/ros2_ws/install/person_msgs/share/person_msgs/cmake/export_person_msgs__rosidl_generator_cExport-noconfig.cmake
[3.360s] -- Installing: /home/motoki/ros2_ws/install/person_msgs/share/person_msgs/cmake/export_person_msgs__rosidl_typesupport_fastrtps_cExport.cmake
[3.360s] -- Installing: /home/motoki/ros2_ws/install/person_msgs/share/person_msgs/cmake/export_person_msgs__rosidl_typesupport_fastrtps_cExport-noconfig.cmake
[3.360s] -- Installing: /home/motoki/ros2_ws/install/person_msgs/share/person_msgs/cmake/person_msgs__rosidl_typesupport_introspection_cExport.cmake
[3.360s] -- Installing: /home/motoki/ros2_ws/install/person_msgs/share/person_msgs/cmake/person_msgs__rosidl_typesupport_introspection_cExport-noconfig.cmake
[3.360s] -- Installing: /home/motoki/ros2_ws/install/person_msgs/share/person_msgs/cmake/person_msgs__rosidl_typesupport_cExport.cmake
[3.360s] -- Installing: /home/motoki/ros2_ws/install/person_msgs/share/person_msgs/cmake/person_msgs__rosidl_typesupport_cExport-noconfig.cmake
[3.361s] -- Installing: /home/motoki/ros2_ws/install/person_msgs/share/person_msgs/cmake/export_person_msgs__rosidl_generator_cppExport.cmake
[3.361s] -- Installing: /home/motoki/ros2_ws/install/person_msgs/share/person_msgs/cmake/export_person_msgs__rosidl_typesupport_fastrtps_cppExport.cmake
[3.361s] -- Installing: /home/motoki/ros2_ws/install/person_msgs/share/person_msgs/cmake/export_person_msgs__rosidl_typesupport_fastrtps_cppExport-noconfig.cmake
[3.361s] -- Installing: /home/motoki/ros2_ws/install/person_msgs/share/person_msgs/cmake/person_msgs__rosidl_typesupport_introspection_cppExport.cmake
[3.361s] -- Installing: /home/motoki/ros2_ws/install/person_msgs/share/person_msgs/cmake/person_msgs__rosidl_typesupport_introspection_cppExport-noconfig.cmake
[3.361s] -- Installing: /home/motoki/ros2_ws/install/person_msgs/share/person_msgs/cmake/person_msgs__rosidl_typesupport_cppExport.cmake
[3.361s] -- Installing: /home/motoki/ros2_ws/install/person_msgs/share/person_msgs/cmake/person_msgs__rosidl_typesupport_cppExport-noconfig.cmake
[3.361s] -- Installing: /home/motoki/ros2_ws/install/person_msgs/share/person_msgs/cmake/export_person_msgs__rosidl_generator_pyExport.cmake
[3.361s] -- Installing: /home/motoki/ros2_ws/install/person_msgs/share/person_msgs/cmake/export_person_msgs__rosidl_generator_pyExport-noconfig.cmake
[3.362s] -- Installing: /home/motoki/ros2_ws/install/person_msgs/share/person_msgs/cmake/rosidl_cmake-extras.cmake
[3.362s] -- Installing: /home/motoki/ros2_ws/install/person_msgs/share/person_msgs/cmake/ament_cmake_export_include_directories-extras.cmake
[3.362s] -- Installing: /home/motoki/ros2_ws/install/person_msgs/share/person_msgs/cmake/ament_cmake_export_libraries-extras.cmake
[3.362s] -- Installing: /home/motoki/ros2_ws/install/person_msgs/share/person_msgs/cmake/ament_cmake_export_targets-extras.cmake
[3.362s] -- Installing: /home/motoki/ros2_ws/install/person_msgs/share/person_msgs/cmake/rosidl_cmake_export_typesupport_targets-extras.cmake
[3.362s] -- Installing: /home/motoki/ros2_ws/install/person_msgs/share/person_msgs/cmake/ament_cmake_export_dependencies-extras.cmake
[3.362s] -- Installing: /home/motoki/ros2_ws/install/person_msgs/share/person_msgs/cmake/rosidl_cmake_export_typesupport_libraries-extras.cmake
[3.363s] -- Installing: /home/motoki/ros2_ws/install/person_msgs/share/person_msgs/cmake/person_msgsConfig.cmake
[3.363s] -- Installing: /home/motoki/ros2_ws/install/person_msgs/share/person_msgs/cmake/person_msgsConfig-version.cmake
[3.363s] -- Installing: /home/motoki/ros2_ws/install/person_msgs/share/person_msgs/package.xml
[3.364s] Invoked command in '/home/motoki/ros2_ws/build/person_msgs' returned '0': CMAKE_PREFIX_PATH=/home/motoki/ros2_ws/install/mypkg:/opt/ros/humble /usr/bin/cmake --install /home/motoki/ros2_ws/build/person_msgs
