[0.217s] Invoking command in '/home/motoki/ros2_ws/build/person_msgs': CMAKE_PREFIX_PATH=${CMAKE_PREFIX_PATH}:/home/motoki/ros2_ws/install/mypkg:/opt/ros/humble /usr/bin/cmake --build /home/motoki/ros2_ws/build/person_msgs -- -j12 -l12
[0.253s] [  2%] Built target person_msgs__cpp
[0.254s] [ 12%] Built target person_msgs__rosidl_generator_c
[0.262s] [ 12%] Built target ament_cmake_python_copy_person_msgs
[0.276s] [ 23%] Built target person_msgs__rosidl_typesupport_cpp
[0.277s] [ 43%] Built target person_msgs__rosidl_typesupport_introspection_cpp
[0.277s] [ 41%] Built target person_msgs__rosidl_typesupport_fastrtps_cpp
[0.284s] [ 64%] Built target person_msgs__rosidl_typesupport_introspection_c
[0.285s] [ 64%] Built target person_msgs__rosidl_typesupport_c
[0.285s] [ 74%] Built target person_msgs__rosidl_typesupport_fastrtps_c
[0.302s] [ 74%] Built target person_msgs
[0.318s] [ 76%] Built target person_msgs__py
[0.335s] [ 84%] Built target person_msgs__rosidl_generator_py
[0.354s] [100%] Built target person_msgs__rosidl_typesupport_fastrtps_c__pyext
[0.354s] [100%] Built target person_msgs__rosidl_typesupport_introspection_c__pyext
[0.354s] [100%] Built target person_msgs__rosidl_typesupport_c__pyext
[0.452s] running egg_info
[0.452s] writing person_msgs.egg-info/PKG-INFO
[0.452s] writing dependency_links to person_msgs.egg-info/dependency_links.txt
[0.452s] writing top-level names to person_msgs.egg-info/top_level.txt
[0.454s] reading manifest file 'person_msgs.egg-info/SOURCES.txt'
[0.454s] writing manifest file 'person_msgs.egg-info/SOURCES.txt'
[0.479s] [100%] Built target ament_cmake_python_build_person_msgs_egg
[0.485s] Invoked command in '/home/motoki/ros2_ws/build/person_msgs' returned '0': CMAKE_PREFIX_PATH=${CMAKE_PREFIX_PATH}:/home/motoki/ros2_ws/install/mypkg:/opt/ros/humble /usr/bin/cmake --build /home/motoki/ros2_ws/build/person_msgs -- -j12 -l12
[0.539s] Invoking command in '/home/motoki/ros2_ws/build/person_msgs': CMAKE_PREFIX_PATH=${CMAKE_PREFIX_PATH}:/home/motoki/ros2_ws/install/mypkg:/opt/ros/humble /usr/bin/cmake --install /home/motoki/ros2_ws/build/person_msgs
[0.543s] -- Install configuration: ""
[0.543s] -- Up-to-date: /home/motoki/ros2_ws/install/person_msgs/share/ament_index/resource_index/rosidl_interfaces/person_msgs
[0.544s] -- Up-to-date: /home/motoki/ros2_ws/install/person_msgs/include/person_msgs/person_msgs
[0.544s] -- Up-to-date: /home/motoki/ros2_ws/install/person_msgs/include/person_msgs/person_msgs/srv
[0.544s] -- Up-to-date: /home/motoki/ros2_ws/install/person_msgs/include/person_msgs/person_msgs/srv/detail
[0.544s] -- Up-to-date: /home/motoki/ros2_ws/install/person_msgs/include/person_msgs/person_msgs/srv/detail/query__functions.c
[0.544s] -- Up-to-date: /home/motoki/ros2_ws/install/person_msgs/include/person_msgs/person_msgs/srv/detail/query__type_support.h
[0.544s] -- Up-to-date: /home/motoki/ros2_ws/install/person_msgs/include/person_msgs/person_msgs/srv/detail/query__struct.h
[0.544s] -- Up-to-date: /home/motoki/ros2_ws/install/person_msgs/include/person_msgs/person_msgs/srv/detail/query__functions.h
[0.544s] -- Up-to-date: /home/motoki/ros2_ws/install/person_msgs/include/person_msgs/person_msgs/srv/query.h
[0.545s] -- Up-to-date: /home/motoki/ros2_ws/install/person_msgs/include/person_msgs/person_msgs/msg
[0.545s] -- Up-to-date: /home/motoki/ros2_ws/install/person_msgs/include/person_msgs/person_msgs/msg/detail
[0.545s] -- Up-to-date: /home/motoki/ros2_ws/install/person_msgs/include/person_msgs/person_msgs/msg/detail/person__functions.c
[0.545s] -- Up-to-date: /home/motoki/ros2_ws/install/person_msgs/include/person_msgs/person_msgs/msg/detail/person__struct.h
[0.545s] -- Up-to-date: /home/motoki/ros2_ws/install/person_msgs/include/person_msgs/person_msgs/msg/detail/person__functions.h
[0.545s] -- Up-to-date: /home/motoki/ros2_ws/install/person_msgs/include/person_msgs/person_msgs/msg/detail/person__type_support.h
[0.545s] -- Up-to-date: /home/motoki/ros2_ws/install/person_msgs/include/person_msgs/person_msgs/msg/rosidl_generator_c__visibility_control.h
[0.545s] -- Up-to-date: /home/motoki/ros2_ws/install/person_msgs/include/person_msgs/person_msgs/msg/person.h
[0.546s] -- Up-to-date: /home/motoki/ros2_ws/install/person_msgs/share/person_msgs/environment/library_path.sh
[0.546s] -- Up-to-date: /home/motoki/ros2_ws/install/person_msgs/share/person_msgs/environment/library_path.dsv
[0.546s] -- Up-to-date: /home/motoki/ros2_ws/install/person_msgs/lib/libperson_msgs__rosidl_generator_c.so
[0.546s] -- Up-to-date: /home/motoki/ros2_ws/install/person_msgs/include/person_msgs/person_msgs
[0.546s] -- Up-to-date: /home/motoki/ros2_ws/install/person_msgs/include/person_msgs/person_msgs/srv
[0.546s] -- Up-to-date: /home/motoki/ros2_ws/install/person_msgs/include/person_msgs/person_msgs/srv/detail
[0.546s] -- Up-to-date: /home/motoki/ros2_ws/install/person_msgs/include/person_msgs/person_msgs/srv/detail/query__rosidl_typesupport_fastrtps_c.h
[0.546s] -- Up-to-date: /home/motoki/ros2_ws/install/person_msgs/include/person_msgs/person_msgs/msg
[0.546s] -- Up-to-date: /home/motoki/ros2_ws/install/person_msgs/include/person_msgs/person_msgs/msg/detail
[0.547s] -- Up-to-date: /home/motoki/ros2_ws/install/person_msgs/include/person_msgs/person_msgs/msg/detail/person__rosidl_typesupport_fastrtps_c.h
[0.547s] -- Up-to-date: /home/motoki/ros2_ws/install/person_msgs/include/person_msgs/person_msgs/msg/rosidl_typesupport_fastrtps_c__visibility_control.h
[0.547s] -- Up-to-date: /home/motoki/ros2_ws/install/person_msgs/lib/libperson_msgs__rosidl_typesupport_fastrtps_c.so
[0.547s] -- Up-to-date: /home/motoki/ros2_ws/install/person_msgs/include/person_msgs/person_msgs
[0.547s] -- Up-to-date: /home/motoki/ros2_ws/install/person_msgs/include/person_msgs/person_msgs/srv
[0.547s] -- Up-to-date: /home/motoki/ros2_ws/install/person_msgs/include/person_msgs/person_msgs/srv/detail
[0.547s] -- Up-to-date: /home/motoki/ros2_ws/install/person_msgs/include/person_msgs/person_msgs/srv/detail/query__type_support.c
[0.548s] -- Up-to-date: /home/motoki/ros2_ws/install/person_msgs/include/person_msgs/person_msgs/srv/detail/query__rosidl_typesupport_introspection_c.h
[0.548s] -- Up-to-date: /home/motoki/ros2_ws/install/person_msgs/include/person_msgs/person_msgs/msg
[0.548s] -- Up-to-date: /home/motoki/ros2_ws/install/person_msgs/include/person_msgs/person_msgs/msg/detail
[0.548s] -- Up-to-date: /home/motoki/ros2_ws/install/person_msgs/include/person_msgs/person_msgs/msg/detail/person__rosidl_typesupport_introspection_c.h
[0.548s] -- Up-to-date: /home/motoki/ros2_ws/install/person_msgs/include/person_msgs/person_msgs/msg/detail/person__type_support.c
[0.548s] -- Up-to-date: /home/motoki/ros2_ws/install/person_msgs/include/person_msgs/person_msgs/msg/rosidl_typesupport_introspection_c__visibility_control.h
[0.548s] -- Up-to-date: /home/motoki/ros2_ws/install/person_msgs/lib/libperson_msgs__rosidl_typesupport_introspection_c.so
[0.549s] -- Up-to-date: /home/motoki/ros2_ws/install/person_msgs/lib/libperson_msgs__rosidl_typesupport_c.so
[0.549s] -- Up-to-date: /home/motoki/ros2_ws/install/person_msgs/include/person_msgs/person_msgs
[0.549s] -- Up-to-date: /home/motoki/ros2_ws/install/person_msgs/include/person_msgs/person_msgs/srv
[0.549s] -- Up-to-date: /home/motoki/ros2_ws/install/person_msgs/include/person_msgs/person_msgs/srv/detail
[0.549s] -- Up-to-date: /home/motoki/ros2_ws/install/person_msgs/include/person_msgs/person_msgs/srv/detail/query__builder.hpp
[0.549s] -- Up-to-date: /home/motoki/ros2_ws/install/person_msgs/include/person_msgs/person_msgs/srv/detail/query__struct.hpp
[0.549s] -- Up-to-date: /home/motoki/ros2_ws/install/person_msgs/include/person_msgs/person_msgs/srv/detail/query__traits.hpp
[0.549s] -- Up-to-date: /home/motoki/ros2_ws/install/person_msgs/include/person_msgs/person_msgs/srv/query.hpp
[0.549s] -- Up-to-date: /home/motoki/ros2_ws/install/person_msgs/include/person_msgs/person_msgs/msg
[0.550s] -- Up-to-date: /home/motoki/ros2_ws/install/person_msgs/include/person_msgs/person_msgs/msg/detail
[0.550s] -- Up-to-date: /home/motoki/ros2_ws/install/person_msgs/include/person_msgs/person_msgs/msg/detail/person__builder.hpp
[0.550s] -- Up-to-date: /home/motoki/ros2_ws/install/person_msgs/include/person_msgs/person_msgs/msg/detail/person__struct.hpp
[0.550s] -- Up-to-date: /home/motoki/ros2_ws/install/person_msgs/include/person_msgs/person_msgs/msg/detail/person__traits.hpp
[0.550s] -- Up-to-date: /home/motoki/ros2_ws/install/person_msgs/include/person_msgs/person_msgs/msg/person.hpp
[0.550s] -- Up-to-date: /home/motoki/ros2_ws/install/person_msgs/include/person_msgs/person_msgs
[0.550s] -- Up-to-date: /home/motoki/ros2_ws/install/person_msgs/include/person_msgs/person_msgs/srv
[0.550s] -- Up-to-date: /home/motoki/ros2_ws/install/person_msgs/include/person_msgs/person_msgs/srv/detail
[0.550s] -- Up-to-date: /home/motoki/ros2_ws/install/person_msgs/include/person_msgs/person_msgs/srv/detail/dds_fastrtps
[0.551s] -- Up-to-date: /home/motoki/ros2_ws/install/person_msgs/include/person_msgs/person_msgs/srv/detail/query__rosidl_typesupport_fastrtps_cpp.hpp
[0.551s] -- Up-to-date: /home/motoki/ros2_ws/install/person_msgs/include/person_msgs/person_msgs/msg
[0.551s] -- Up-to-date: /home/motoki/ros2_ws/install/person_msgs/include/person_msgs/person_msgs/msg/detail
[0.551s] -- Up-to-date: /home/motoki/ros2_ws/install/person_msgs/include/person_msgs/person_msgs/msg/detail/dds_fastrtps
[0.551s] -- Up-to-date: /home/motoki/ros2_ws/install/person_msgs/include/person_msgs/person_msgs/msg/detail/person__rosidl_typesupport_fastrtps_cpp.hpp
[0.551s] -- Up-to-date: /home/motoki/ros2_ws/install/person_msgs/include/person_msgs/person_msgs/msg/rosidl_typesupport_fastrtps_cpp__visibility_control.h
[0.551s] -- Up-to-date: /home/motoki/ros2_ws/install/person_msgs/lib/libperson_msgs__rosidl_typesupport_fastrtps_cpp.so
[0.551s] -- Up-to-date: /home/motoki/ros2_ws/install/person_msgs/include/person_msgs/person_msgs
[0.551s] -- Up-to-date: /home/motoki/ros2_ws/install/person_msgs/include/person_msgs/person_msgs/srv
[0.551s] -- Up-to-date: /home/motoki/ros2_ws/install/person_msgs/include/person_msgs/person_msgs/srv/detail
[0.551s] -- Up-to-date: /home/motoki/ros2_ws/install/person_msgs/include/person_msgs/person_msgs/srv/detail/query__rosidl_typesupport_introspection_cpp.hpp
[0.551s] -- Up-to-date: /home/motoki/ros2_ws/install/person_msgs/include/person_msgs/person_msgs/srv/detail/query__type_support.cpp
[0.551s] -- Up-to-date: /home/motoki/ros2_ws/install/person_msgs/include/person_msgs/person_msgs/msg
[0.552s] -- Up-to-date: /home/motoki/ros2_ws/install/person_msgs/include/person_msgs/person_msgs/msg/detail
[0.552s] -- Up-to-date: /home/motoki/ros2_ws/install/person_msgs/include/person_msgs/person_msgs/msg/detail/person__rosidl_typesupport_introspection_cpp.hpp
[0.552s] -- Up-to-date: /home/motoki/ros2_ws/install/person_msgs/include/person_msgs/person_msgs/msg/detail/person__type_support.cpp
[0.552s] -- Up-to-date: /home/motoki/ros2_ws/install/person_msgs/lib/libperson_msgs__rosidl_typesupport_introspection_cpp.so
[0.552s] -- Up-to-date: /home/motoki/ros2_ws/install/person_msgs/lib/libperson_msgs__rosidl_typesupport_cpp.so
[0.552s] -- Up-to-date: /home/motoki/ros2_ws/install/person_msgs/share/person_msgs/environment/pythonpath.sh
[0.552s] -- Up-to-date: /home/motoki/ros2_ws/install/person_msgs/share/person_msgs/environment/pythonpath.dsv
[0.552s] -- Up-to-date: /home/motoki/ros2_ws/install/person_msgs/local/lib/python3.10/dist-packages/person_msgs-0.0.0-py3.10.egg-info
[0.552s] -- Installing: /home/motoki/ros2_ws/install/person_msgs/local/lib/python3.10/dist-packages/person_msgs-0.0.0-py3.10.egg-info/SOURCES.txt
[0.552s] -- Installing: /home/motoki/ros2_ws/install/person_msgs/local/lib/python3.10/dist-packages/person_msgs-0.0.0-py3.10.egg-info/PKG-INFO
[0.552s] -- Installing: /home/motoki/ros2_ws/install/person_msgs/local/lib/python3.10/dist-packages/person_msgs-0.0.0-py3.10.egg-info/dependency_links.txt
[0.552s] -- Installing: /home/motoki/ros2_ws/install/person_msgs/local/lib/python3.10/dist-packages/person_msgs-0.0.0-py3.10.egg-info/top_level.txt
[0.552s] -- Up-to-date: /home/motoki/ros2_ws/install/person_msgs/local/lib/python3.10/dist-packages/person_msgs
[0.552s] -- Up-to-date: /home/motoki/ros2_ws/install/person_msgs/local/lib/python3.10/dist-packages/person_msgs/srv
[0.552s] -- Up-to-date: /home/motoki/ros2_ws/install/person_msgs/local/lib/python3.10/dist-packages/person_msgs/srv/_query_s.c
[0.552s] -- Up-to-date: /home/motoki/ros2_ws/install/person_msgs/local/lib/python3.10/dist-packages/person_msgs/srv/__init__.py
[0.552s] -- Up-to-date: /home/motoki/ros2_ws/install/person_msgs/local/lib/python3.10/dist-packages/person_msgs/srv/_query.py
[0.552s] -- Up-to-date: /home/motoki/ros2_ws/install/person_msgs/local/lib/python3.10/dist-packages/person_msgs/_person_msgs_s.ep.rosidl_typesupport_fastrtps_c.c
[0.552s] -- Up-to-date: /home/motoki/ros2_ws/install/person_msgs/local/lib/python3.10/dist-packages/person_msgs/_person_msgs_s.ep.rosidl_typesupport_c.c
[0.552s] -- Up-to-date: /home/motoki/ros2_ws/install/person_msgs/local/lib/python3.10/dist-packages/person_msgs/person_msgs_s__rosidl_typesupport_c.cpython-310-x86_64-linux-gnu.so
[0.552s] -- Up-to-date: /home/motoki/ros2_ws/install/person_msgs/local/lib/python3.10/dist-packages/person_msgs/msg
[0.552s] -- Up-to-date: /home/motoki/ros2_ws/install/person_msgs/local/lib/python3.10/dist-packages/person_msgs/msg/_person.py
[0.552s] -- Up-to-date: /home/motoki/ros2_ws/install/person_msgs/local/lib/python3.10/dist-packages/person_msgs/msg/_person_s.c
[0.552s] -- Up-to-date: /home/motoki/ros2_ws/install/person_msgs/local/lib/python3.10/dist-packages/person_msgs/msg/__init__.py
[0.552s] -- Up-to-date: /home/motoki/ros2_ws/install/person_msgs/local/lib/python3.10/dist-packages/person_msgs/__init__.py
[0.553s] -- Up-to-date: /home/motoki/ros2_ws/install/person_msgs/local/lib/python3.10/dist-packages/person_msgs/person_msgs_s__rosidl_typesupport_introspection_c.cpython-310-x86_64-linux-gnu.so
[0.553s] -- Up-to-date: /home/motoki/ros2_ws/install/person_msgs/local/lib/python3.10/dist-packages/person_msgs/person_msgs_s__rosidl_typesupport_fastrtps_c.cpython-310-x86_64-linux-gnu.so
[0.553s] -- Up-to-date: /home/motoki/ros2_ws/install/person_msgs/local/lib/python3.10/dist-packages/person_msgs/_person_msgs_s.ep.rosidl_typesupport_introspection_c.c
[0.553s] -- Up-to-date: /home/motoki/ros2_ws/install/person_msgs/local/lib/python3.10/dist-packages/person_msgs/libperson_msgs__rosidl_generator_py.so
[0.569s] Listing '/home/motoki/ros2_ws/install/person_msgs/local/lib/python3.10/dist-packages/person_msgs'...
[0.569s] Listing '/home/motoki/ros2_ws/install/person_msgs/local/lib/python3.10/dist-packages/person_msgs/msg'...
[0.569s] Listing '/home/motoki/ros2_ws/install/person_msgs/local/lib/python3.10/dist-packages/person_msgs/srv'...
[0.572s] -- Up-to-date: /home/motoki/ros2_ws/install/person_msgs/local/lib/python3.10/dist-packages/person_msgs/person_msgs_s__rosidl_typesupport_fastrtps_c.cpython-310-x86_64-linux-gnu.so
[0.572s] -- Up-to-date: /home/motoki/ros2_ws/install/person_msgs/local/lib/python3.10/dist-packages/person_msgs/person_msgs_s__rosidl_typesupport_introspection_c.cpython-310-x86_64-linux-gnu.so
[0.572s] -- Up-to-date: /home/motoki/ros2_ws/install/person_msgs/local/lib/python3.10/dist-packages/person_msgs/person_msgs_s__rosidl_typesupport_c.cpython-310-x86_64-linux-gnu.so
[0.573s] -- Up-to-date: /home/motoki/ros2_ws/install/person_msgs/lib/libperson_msgs__rosidl_generator_py.so
[0.573s] -- Up-to-date: /home/motoki/ros2_ws/install/person_msgs/share/person_msgs/msg/Person.idl
[0.573s] -- Up-to-date: /home/motoki/ros2_ws/install/person_msgs/share/person_msgs/srv/Query.idl
[0.573s] -- Up-to-date: /home/motoki/ros2_ws/install/person_msgs/share/person_msgs/msg/Person.msg
[0.573s] -- Up-to-date: /home/motoki/ros2_ws/install/person_msgs/share/person_msgs/srv/Query.srv
[0.573s] -- Up-to-date: /home/motoki/ros2_ws/install/person_msgs/share/person_msgs/srv/Query_Request.msg
[0.573s] -- Up-to-date: /home/motoki/ros2_ws/install/person_msgs/share/person_msgs/srv/Query_Response.msg
[0.573s] -- Up-to-date: /home/motoki/ros2_ws/install/person_msgs/share/ament_index/resource_index/package_run_dependencies/person_msgs
[0.573s] -- Up-to-date: /home/motoki/ros2_ws/install/person_msgs/share/ament_index/resource_index/parent_prefix_path/person_msgs
[0.574s] -- Up-to-date: /home/motoki/ros2_ws/install/person_msgs/share/person_msgs/environment/ament_prefix_path.sh
[0.574s] -- Up-to-date: /home/motoki/ros2_ws/install/person_msgs/share/person_msgs/environment/ament_prefix_path.dsv
[0.574s] -- Up-to-date: /home/motoki/ros2_ws/install/person_msgs/share/person_msgs/environment/path.sh
[0.574s] -- Up-to-date: /home/motoki/ros2_ws/install/person_msgs/share/person_msgs/environment/path.dsv
[0.574s] -- Up-to-date: /home/motoki/ros2_ws/install/person_msgs/share/person_msgs/local_setup.bash
[0.574s] -- Up-to-date: /home/motoki/ros2_ws/install/person_msgs/share/person_msgs/local_setup.sh
[0.575s] -- Up-to-date: /home/motoki/ros2_ws/install/person_msgs/share/person_msgs/local_setup.zsh
[0.575s] -- Up-to-date: /home/motoki/ros2_ws/install/person_msgs/share/person_msgs/local_setup.dsv
[0.575s] -- Installing: /home/motoki/ros2_ws/install/person_msgs/share/person_msgs/package.dsv
[0.575s] -- Up-to-date: /home/motoki/ros2_ws/install/person_msgs/share/ament_index/resource_index/packages/person_msgs
[0.575s] -- Up-to-date: /home/motoki/ros2_ws/install/person_msgs/share/person_msgs/cmake/export_person_msgs__rosidl_generator_cExport.cmake
[0.575s] -- Up-to-date: /home/motoki/ros2_ws/install/person_msgs/share/person_msgs/cmake/export_person_msgs__rosidl_generator_cExport-noconfig.cmake
[0.575s] -- Up-to-date: /home/motoki/ros2_ws/install/person_msgs/share/person_msgs/cmake/export_person_msgs__rosidl_typesupport_fastrtps_cExport.cmake
[0.575s] -- Up-to-date: /home/motoki/ros2_ws/install/person_msgs/share/person_msgs/cmake/export_person_msgs__rosidl_typesupport_fastrtps_cExport-noconfig.cmake
[0.575s] -- Up-to-date: /home/motoki/ros2_ws/install/person_msgs/share/person_msgs/cmake/person_msgs__rosidl_typesupport_introspection_cExport.cmake
[0.576s] -- Up-to-date: /home/motoki/ros2_ws/install/person_msgs/share/person_msgs/cmake/person_msgs__rosidl_typesupport_introspection_cExport-noconfig.cmake
[0.576s] -- Up-to-date: /home/motoki/ros2_ws/install/person_msgs/share/person_msgs/cmake/person_msgs__rosidl_typesupport_cExport.cmake
[0.576s] -- Up-to-date: /home/motoki/ros2_ws/install/person_msgs/share/person_msgs/cmake/person_msgs__rosidl_typesupport_cExport-noconfig.cmake
[0.576s] -- Up-to-date: /home/motoki/ros2_ws/install/person_msgs/share/person_msgs/cmake/export_person_msgs__rosidl_generator_cppExport.cmake
[0.576s] -- Up-to-date: /home/motoki/ros2_ws/install/person_msgs/share/person_msgs/cmake/export_person_msgs__rosidl_typesupport_fastrtps_cppExport.cmake
[0.576s] -- Up-to-date: /home/motoki/ros2_ws/install/person_msgs/share/person_msgs/cmake/export_person_msgs__rosidl_typesupport_fastrtps_cppExport-noconfig.cmake
[0.576s] -- Up-to-date: /home/motoki/ros2_ws/install/person_msgs/share/person_msgs/cmake/person_msgs__rosidl_typesupport_introspection_cppExport.cmake
[0.577s] -- Up-to-date: /home/motoki/ros2_ws/install/person_msgs/share/person_msgs/cmake/person_msgs__rosidl_typesupport_introspection_cppExport-noconfig.cmake
[0.577s] -- Up-to-date: /home/motoki/ros2_ws/install/person_msgs/share/person_msgs/cmake/person_msgs__rosidl_typesupport_cppExport.cmake
[0.577s] -- Up-to-date: /home/motoki/ros2_ws/install/person_msgs/share/person_msgs/cmake/person_msgs__rosidl_typesupport_cppExport-noconfig.cmake
[0.577s] -- Up-to-date: /home/motoki/ros2_ws/install/person_msgs/share/person_msgs/cmake/export_person_msgs__rosidl_generator_pyExport.cmake
[0.577s] -- Up-to-date: /home/motoki/ros2_ws/install/person_msgs/share/person_msgs/cmake/export_person_msgs__rosidl_generator_pyExport-noconfig.cmake
[0.577s] -- Up-to-date: /home/motoki/ros2_ws/install/person_msgs/share/person_msgs/cmake/rosidl_cmake-extras.cmake
[0.577s] -- Up-to-date: /home/motoki/ros2_ws/install/person_msgs/share/person_msgs/cmake/ament_cmake_export_include_directories-extras.cmake
[0.577s] -- Up-to-date: /home/motoki/ros2_ws/install/person_msgs/share/person_msgs/cmake/ament_cmake_export_libraries-extras.cmake
[0.577s] -- Up-to-date: /home/motoki/ros2_ws/install/person_msgs/share/person_msgs/cmake/ament_cmake_export_targets-extras.cmake
[0.578s] -- Up-to-date: /home/motoki/ros2_ws/install/person_msgs/share/person_msgs/cmake/rosidl_cmake_export_typesupport_targets-extras.cmake
[0.578s] -- Up-to-date: /home/motoki/ros2_ws/install/person_msgs/share/person_msgs/cmake/ament_cmake_export_dependencies-extras.cmake
[0.578s] -- Up-to-date: /home/motoki/ros2_ws/install/person_msgs/share/person_msgs/cmake/rosidl_cmake_export_typesupport_libraries-extras.cmake
[0.578s] -- Up-to-date: /home/motoki/ros2_ws/install/person_msgs/share/person_msgs/cmake/person_msgsConfig.cmake
[0.578s] -- Up-to-date: /home/motoki/ros2_ws/install/person_msgs/share/person_msgs/cmake/person_msgsConfig-version.cmake
[0.578s] -- Up-to-date: /home/motoki/ros2_ws/install/person_msgs/share/person_msgs/package.xml
[0.579s] Invoked command in '/home/motoki/ros2_ws/build/person_msgs' returned '0': CMAKE_PREFIX_PATH=${CMAKE_PREFIX_PATH}:/home/motoki/ros2_ws/install/mypkg:/opt/ros/humble /usr/bin/cmake --install /home/motoki/ros2_ws/build/person_msgs
