[0.465s] Invoking command in '/home/motoki/ros2_ws/src/mypkg': PYTHONPATH=/home/motoki/ros2_ws/build/mypkg/prefix_override:/home/motoki/ros2_ws/install/mypkg/lib/python3.10/site-packages:${PYTHONPATH} /usr/bin/python3 setup.py egg_info --egg-base ../../build/mypkg build --build-base /home/motoki/ros2_ws/build/mypkg/build install --record /home/motoki/ros2_ws/build/mypkg/install.log --single-version-externally-managed
[0.600s] running egg_info
[0.601s] writing ../../build/mypkg/mypkg.egg-info/PKG-INFO
[0.601s] writing dependency_links to ../../build/mypkg/mypkg.egg-info/dependency_links.txt
[0.602s] writing entry points to ../../build/mypkg/mypkg.egg-info/entry_points.txt
[0.602s] writing requirements to ../../build/mypkg/mypkg.egg-info/requires.txt
[0.602s] writing top-level names to ../../build/mypkg/mypkg.egg-info/top_level.txt
[0.602s] reading manifest file '../../build/mypkg/mypkg.egg-info/SOURCES.txt'
[0.603s] writing manifest file '../../build/mypkg/mypkg.egg-info/SOURCES.txt'
[0.603s] running build
[0.603s] running build_py
[0.603s] /usr/lib/python3/dist-packages/setuptools/command/install.py:34: SetuptoolsDeprecationWarning: setup.py install is deprecated. Use build and pip and other standards-based tools.
[0.603s]   warnings.warn(
[0.603s] running install
[0.604s] running install_lib
[0.604s] running install_data
[0.604s] running install_egg_info
[0.605s] removing '/home/motoki/ros2_ws/install/mypkg/lib/python3.10/site-packages/mypkg-0.0.0-py3.10.egg-info' (and everything under it)
[0.606s] Copying ../../build/mypkg/mypkg.egg-info to /home/motoki/ros2_ws/install/mypkg/lib/python3.10/site-packages/mypkg-0.0.0-py3.10.egg-info
[0.606s] running install_scripts
[0.621s] Installing listener script to /home/motoki/ros2_ws/install/mypkg/lib/mypkg
[0.621s] Installing talker script to /home/motoki/ros2_ws/install/mypkg/lib/mypkg
[0.621s] writing list of installed files to '/home/motoki/ros2_ws/build/mypkg/install.log'
