[0.480s] Invoking command in '/home/motoki/ros2_ws/src/mypkg': PYTHONPATH=/home/motoki/ros2_ws/build/mypkg/prefix_override:/home/motoki/ros2_ws/install/mypkg/lib/python3.10/site-packages:${PYTHONPATH} /usr/bin/python3 setup.py egg_info --egg-base ../../build/mypkg build --build-base /home/motoki/ros2_ws/build/mypkg/build install --record /home/motoki/ros2_ws/build/mypkg/install.log --single-version-externally-managed
[0.615s] running egg_info
[0.615s] writing ../../build/mypkg/mypkg.egg-info/PKG-INFO
[0.616s] writing dependency_links to ../../build/mypkg/mypkg.egg-info/dependency_links.txt
[0.616s] writing entry points to ../../build/mypkg/mypkg.egg-info/entry_points.txt
[0.616s] writing requirements to ../../build/mypkg/mypkg.egg-info/requires.txt
[0.616s] writing top-level names to ../../build/mypkg/mypkg.egg-info/top_level.txt
[0.617s] reading manifest file '../../build/mypkg/mypkg.egg-info/SOURCES.txt'
[0.617s] writing manifest file '../../build/mypkg/mypkg.egg-info/SOURCES.txt'
[0.618s] running build
[0.618s] running build_py
[0.618s] copying mypkg/talker.py -> /home/motoki/ros2_ws/build/mypkg/build/lib/mypkg
[0.618s] running install
[0.619s] /usr/lib/python3/dist-packages/setuptools/command/install.py:34: SetuptoolsDeprecationWarning: setup.py install is deprecated. Use build and pip and other standards-based tools.
[0.619s]   warnings.warn(
[0.619s] running install_lib
[0.619s] copying /home/motoki/ros2_ws/build/mypkg/build/lib/mypkg/talker.py -> /home/motoki/ros2_ws/install/mypkg/lib/python3.10/site-packages/mypkg
[0.620s] byte-compiling /home/motoki/ros2_ws/install/mypkg/lib/python3.10/site-packages/mypkg/talker.py to talker.cpython-310.pyc
[0.620s] running install_data
[0.620s] running install_egg_info
[0.621s] removing '/home/motoki/ros2_ws/install/mypkg/lib/python3.10/site-packages/mypkg-0.0.0-py3.10.egg-info' (and everything under it)
[0.622s] Copying ../../build/mypkg/mypkg.egg-info to /home/motoki/ros2_ws/install/mypkg/lib/python3.10/site-packages/mypkg-0.0.0-py3.10.egg-info
[0.622s] running install_scripts
[0.637s] Installing listener script to /home/motoki/ros2_ws/install/mypkg/lib/mypkg
[0.637s] Installing talker script to /home/motoki/ros2_ws/install/mypkg/lib/mypkg
[0.638s] writing list of installed files to '/home/motoki/ros2_ws/build/mypkg/install.log'
[0.681s] Invoked command in '/home/motoki/ros2_ws/src/mypkg' returned '0': PYTHONPATH=/home/motoki/ros2_ws/build/mypkg/prefix_override:/home/motoki/ros2_ws/install/mypkg/lib/python3.10/site-packages:${PYTHONPATH} /usr/bin/python3 setup.py egg_info --egg-base ../../build/mypkg build --build-base /home/motoki/ros2_ws/build/mypkg/build install --record /home/motoki/ros2_ws/build/mypkg/install.log --single-version-externally-managed
